<?xml version="1.0" encoding="UTF-8"?>
<!-- Generated by org.testng.reporters.JUnitReportReporter -->
<testsuite hostname="HP-PC" failures="0" tests="1" name="com.amazon.testclasses.TC03_HandleSearchBox_Test" time="51.604" errors="0" timestamp="2022-09-30T11:05:27 IST" skipped="0">
  <testcase classname="com.amazon.testclasses.TC03_HandleSearchBox_Test" name="HandleSearchBox" time="51.604"/>
  <system-out/>
</testsuite> <!-- com.amazon.testclasses.TC03_HandleSearchBox_Test -->
