<?xml version="1.0" encoding="UTF-8"?>
<!-- Generated by org.testng.reporters.JUnitReportReporter -->
<testsuite hostname="HP-PC" failures="0" tests="1" name="com.amazon.testclasses.TC01_LogInFunctionality_Test" time="35.976" errors="0" timestamp="2022-10-03T18:56:12 IST" skipped="0">
  <testcase classname="com.amazon.testclasses.TC01_LogInFunctionality_Test" name="verifyLoginFunctionality" time="35.976"/>
  <system-out/>
</testsuite> <!-- com.amazon.testclasses.TC01_LogInFunctionality_Test -->
