<?xml version="1.0" encoding="UTF-8"?>
<!-- Generated by org.testng.reporters.JUnitReportReporter -->
<testsuite hostname="HP-PC" failures="0" tests="1" name="com.amazon.testclasses.TC02_LogOutFunctionality_Tes" time="74.787" errors="0" timestamp="2022-09-30T11:02:36 IST" skipped="0">
  <testcase classname="com.amazon.testclasses.TC02_LogOutFunctionality_Tes" name="LogoutFunctionality" time="74.787"/>
  <system-out/>
</testsuite> <!-- com.amazon.testclasses.TC02_LogOutFunctionality_Tes -->
